This is pdfTeX, Version 3.1415926-2.5-1.40.14 (TeX Live 2013/Debian) (format=pdflatex 2014.6.20)  17 MAY 2016 12:21
entering extended mode
 restricted \write18 enabled.
 %&-line parsing enabled.
**isba16.poster.tex
(./isba16.poster.tex
LaTeX2e <2011/06/27>
Babel <3.9h> and hyphenation patterns for 78 languages loaded.
(/usr/share/texlive/texmf-dist/tex/latex/a0poster/a0poster.cls
Document Class: a0poster 2004/01/31 v1.22b a0poster class (GK, MW)
(/usr/share/texlive/texmf-dist/tex/latex/base/article.cls
Document Class: article 2007/10/19 v1.4h Standard LaTeX document class
(/usr/share/texlive/texmf-dist/tex/latex/base/size10.clo
File: size10.clo 2007/10/19 v1.4h Standard LaTeX file (size option)
)
\c@part=\count79
\c@section=\count80
\c@subsection=\count81
\c@subsubsection=\count82
\c@paragraph=\count83
\c@subparagraph=\count84
\c@figure=\count85
\c@table=\count86
\abovecaptionskip=\skip41
\belowcaptionskip=\skip42
\bibindent=\dimen102
)
\xkoord=\count87
\ykoord=\count88
\xscale=\count89
\yscale=\count90
\Ausgabe=\write3
\openout3 = `a0header.ps'.


(/usr/share/texlive/texmf-dist/tex/latex/a0poster/a0size.sty
File: a0size.sty 2004/01/31 v1.22b a0poster class (GK, MW)
LaTeX Font Info:    Redeclaring symbol font `largesymbols' on input line 229.
LaTeX Font Info:    Overwriting symbol font `largesymbols' in version `normal'
(Font)                  OMX/cmex/m/n --> OMX/cmex/m/n on input line 229.
LaTeX Font Info:    Overwriting symbol font `largesymbols' in version `bold'
(Font)                  OMX/cmex/m/n --> OMX/cmex/m/n on input line 229.
\big@size=\dimen103
))
(/usr/share/texlive/texmf-dist/tex/latex/graphics/graphicx.sty
Package: graphicx 1999/02/16 v1.0f Enhanced LaTeX Graphics (DPC,SPQR)

(/usr/share/texlive/texmf-dist/tex/latex/graphics/keyval.sty
Package: keyval 1999/03/16 v1.13 key=value parser (DPC)
\KV@toks@=\toks14
)
(/usr/share/texlive/texmf-dist/tex/latex/graphics/graphics.sty
Package: graphics 2009/02/05 v1.0o Standard LaTeX Graphics (DPC,SPQR)

(/usr/share/texlive/texmf-dist/tex/latex/graphics/trig.sty
Package: trig 1999/03/16 v1.09 sin cos tan (DPC)
)
(/usr/share/texlive/texmf-dist/tex/latex/latexconfig/graphics.cfg
File: graphics.cfg 2010/04/23 v1.9 graphics configuration of TeX Live
)
Package graphics Info: Driver file: pdftex.def on input line 91.

(/usr/share/texlive/texmf-dist/tex/latex/pdftex-def/pdftex.def
File: pdftex.def 2011/05/27 v0.06d Graphics/color for pdfTeX

(/usr/share/texlive/texmf-dist/tex/generic/oberdiek/infwarerr.sty
Package: infwarerr 2010/04/08 v1.3 Providing info/warning/error messages (HO)
)
(/usr/share/texlive/texmf-dist/tex/generic/oberdiek/ltxcmds.sty
Package: ltxcmds 2011/11/09 v1.22 LaTeX kernel commands for general use (HO)
)
\Gread@gobject=\count91
))
\Gin@req@height=\dimen104
\Gin@req@width=\dimen105
)
(/usr/share/texlive/texmf-dist/tex/latex/amsmath/amsmath.sty
Package: amsmath 2013/01/14 v2.14 AMS math features
\@mathmargin=\skip43

For additional information on amsmath, use the `?' option.
(/usr/share/texlive/texmf-dist/tex/latex/amsmath/amstext.sty
Package: amstext 2000/06/29 v2.01

(/usr/share/texlive/texmf-dist/tex/latex/amsmath/amsgen.sty
File: amsgen.sty 1999/11/30 v2.0
\@emptytoks=\toks15
\ex@=\dimen106
))
(/usr/share/texlive/texmf-dist/tex/latex/amsmath/amsbsy.sty
Package: amsbsy 1999/11/29 v1.2d
\pmbraise@=\dimen107
)
(/usr/share/texlive/texmf-dist/tex/latex/amsmath/amsopn.sty
Package: amsopn 1999/12/14 v2.01 operator names
)
\inf@bad=\count92
LaTeX Info: Redefining \frac on input line 210.
\uproot@=\count93
\leftroot@=\count94
LaTeX Info: Redefining \overline on input line 306.
\classnum@=\count95
\DOTSCASE@=\count96
LaTeX Info: Redefining \ldots on input line 378.
LaTeX Info: Redefining \dots on input line 381.
LaTeX Info: Redefining \cdots on input line 466.
\Mathstrutbox@=\box26
\strutbox@=\box27
\big@size=\dimen108
LaTeX Font Info:    Redeclaring font encoding OML on input line 566.
LaTeX Font Info:    Redeclaring font encoding OMS on input line 567.
\macc@depth=\count97
\c@MaxMatrixCols=\count98
\dotsspace@=\muskip10
\c@parentequation=\count99
\dspbrk@lvl=\count100
\tag@help=\toks16
\row@=\count101
\column@=\count102
\maxfields@=\count103
\andhelp@=\toks17
\eqnshift@=\dimen109
\alignsep@=\dimen110
\tagshift@=\dimen111
\tagwidth@=\dimen112
\totwidth@=\dimen113
\lineht@=\dimen114
\@envbody=\toks18
\multlinegap=\skip44
\multlinetaggap=\skip45
\mathdisplay@stack=\toks19
LaTeX Info: Redefining \[ on input line 2665.
LaTeX Info: Redefining \] on input line 2666.
)
(/usr/share/texlive/texmf-dist/tex/latex/amsfonts/amssymb.sty
Package: amssymb 2013/01/14 v3.01 AMS font symbols

(/usr/share/texlive/texmf-dist/tex/latex/amsfonts/amsfonts.sty
Package: amsfonts 2013/01/14 v3.01 Basic AMSFonts support
\symAMSa=\mathgroup4
\symAMSb=\mathgroup5
LaTeX Font Info:    Overwriting math alphabet `\mathfrak' in version `bold'
(Font)                  U/euf/m/n --> U/euf/b/n on input line 106.
))
(/usr/share/texlive/texmf-dist/tex/latex/graphics/color.sty
Package: color 2005/11/14 v1.0j Standard LaTeX Color (DPC)

(/usr/share/texlive/texmf-dist/tex/latex/latexconfig/color.cfg
File: color.cfg 2007/01/18 v1.5 color configuration of teTeX/TeXLive
)
Package color Info: Driver file: pdftex.def on input line 130.
)
(/usr/share/texlive/texmf-dist/tex/latex/textpos/textpos.sty
Package: textpos 2014/01/03 v1.7j

Package: textpos 2014/01/03 1.7j, absolute positioning of text on the page
(/usr/share/texlive/texmf-dist/tex/latex/ms/everyshi.sty
Package: everyshi 2001/05/15 v3.00 EveryShipout Package (MS)
)
\TP@textbox=\box28
\TP@holdbox=\box29
\TPHorizModule=\dimen115
\TPVertModule=\dimen116
\TP@margin=\dimen117
\TP@absmargin=\dimen118

Grid set 16 x 16 = 211.29729pt x 149.30585pt
\TPboxrulesize=\dimen119
\TP@ox=\dimen120
\TP@oy=\dimen121
\TP@tbargs=\toks20
\TP@prevdepth=\dimen122
TextBlockOrigin set to 0pt x 0pt
) (/usr/share/texlive/texmf-dist/tex/latex/natbib/natbib.sty
Package: natbib 2010/09/13 8.31b (PWD, AO)
\bibhang=\skip46
\bibsep=\skip47
LaTeX Info: Redefining \cite on input line 694.
\c@NAT@ctr=\count104
)
(/usr/share/texlive/texmf-dist/tex/latex/wrapfig/wrapfig.sty
\wrapoverhang=\dimen123
\WF@size=\dimen124
\c@WF@wrappedlines=\count105
\WF@box=\box30
\WF@everypar=\toks21
Package: wrapfig 2003/01/31  v 3.6
)
Grid set 25 x 15 = 130.67783pt x 151.67216pt
TextBlockOrigin set to 20mm x 20mm
Package color Info: Redefining color blue on input line 21.
Package color Info: Redefining color magenta on input line 23.
Package color Info: Redefining color green on input line 24.
Package color Info: Redefining color red on input line 27.
(./isba16.poster.aux)
\openout1 = `isba16.poster.aux'.

LaTeX Font Info:    Checking defaults for OML/cmm/m/it on input line 30.
LaTeX Font Info:    ... okay on input line 30.
LaTeX Font Info:    Checking defaults for T1/cmr/m/n on input line 30.
LaTeX Font Info:    ... okay on input line 30.
LaTeX Font Info:    Checking defaults for OT1/cmr/m/n on input line 30.
LaTeX Font Info:    ... okay on input line 30.
LaTeX Font Info:    Checking defaults for OMS/cmsy/m/n on input line 30.
LaTeX Font Info:    ... okay on input line 30.
LaTeX Font Info:    Checking defaults for OMX/cmex/m/n on input line 30.
LaTeX Font Info:    ... okay on input line 30.
LaTeX Font Info:    Checking defaults for U/cmr/m/n on input line 30.
LaTeX Font Info:    ... okay on input line 30.

(/usr/share/texlive/texmf-dist/tex/context/base/supp-pdf.mkii
[Loading MPS to PDF converter (version 2006.09.02).]
\scratchcounter=\count106
\scratchdimen=\dimen125
\scratchbox=\box31
\nofMPsegments=\count107
\nofMParguments=\count108
\everyMPshowfont=\toks22
\MPscratchCnt=\count109
\MPscratchDim=\dimen126
\MPnumerator=\count110
\makeMPintoPDFobject=\count111
\everyMPtoPDFconversion=\toks23
) (/usr/share/texlive/texmf-dist/tex/generic/oberdiek/pdftexcmds.sty
Package: pdftexcmds 2011/11/29 v0.20 Utility functions of pdfTeX for LuaTeX (HO
)

(/usr/share/texlive/texmf-dist/tex/generic/oberdiek/ifluatex.sty
Package: ifluatex 2010/03/01 v1.3 Provides the ifluatex switch (HO)
Package ifluatex Info: LuaTeX not detected.
)
(/usr/share/texlive/texmf-dist/tex/generic/oberdiek/ifpdf.sty
Package: ifpdf 2011/01/30 v2.3 Provides the ifpdf switch (HO)
Package ifpdf Info: pdfTeX in PDF mode is detected.
)
Package pdftexcmds Info: LuaTeX not detected.
Package pdftexcmds Info: \pdf@primitive is available.
Package pdftexcmds Info: \pdf@ifprimitive is available.
Package pdftexcmds Info: \pdfdraftmode found.
)
(/usr/share/texlive/texmf-dist/tex/latex/oberdiek/epstopdf-base.sty
Package: epstopdf-base 2010/02/09 v2.5 Base part for package epstopdf

(/usr/share/texlive/texmf-dist/tex/latex/oberdiek/grfext.sty
Package: grfext 2010/08/19 v1.1 Manage graphics extensions (HO)

(/usr/share/texlive/texmf-dist/tex/generic/oberdiek/kvdefinekeys.sty
Package: kvdefinekeys 2011/04/07 v1.3 Define keys (HO)
))
(/usr/share/texlive/texmf-dist/tex/latex/oberdiek/kvoptions.sty
Package: kvoptions 2011/06/30 v3.11 Key value format for package options (HO)

(/usr/share/texlive/texmf-dist/tex/generic/oberdiek/kvsetkeys.sty
Package: kvsetkeys 2012/04/25 v1.16 Key value parser (HO)

(/usr/share/texlive/texmf-dist/tex/generic/oberdiek/etexcmds.sty
Package: etexcmds 2011/02/16 v1.5 Avoid name clashes with e-TeX commands (HO)
Package etexcmds Info: Could not find \expanded.
(etexcmds)             That can mean that you are not using pdfTeX 1.50 or
(etexcmds)             that some package has redefined \expanded.
(etexcmds)             In the latter case, load this package earlier.
)))
Package grfext Info: Graphics extension search list:
(grfext)             [.png,.pdf,.jpg,.mps,.jpeg,.jbig2,.jb2,.PNG,.PDF,.JPG,.JPE
G,.JBIG2,.JB2,.eps]
(grfext)             \AppendGraphicsExtensions on input line 452.

(/usr/share/texlive/texmf-dist/tex/latex/latexconfig/epstopdf-sys.cfg
File: epstopdf-sys.cfg 2010/07/13 v1.3 Configuration of (r)epstopdf for TeX Liv
e
))
ABD: EveryShipout initializing macros
Overfull \hbox (15.28305pt too wide) in paragraph at lines 64--68
\OT1/cmr/m/n/29.86 Identifying con-ver-gence in nu-mer-i-cal op-ti-miza-tion is
 an ever-present,
 []

LaTeX Font Info:    Try loading font information for U+msa on input line 82.
(/usr/share/texlive/texmf-dist/tex/latex/amsfonts/umsa.fd
File: umsa.fd 2013/01/14 v3.01 AMS symbols A
)
LaTeX Font Info:    Try loading font information for U+msb on input line 82.

(/usr/share/texlive/texmf-dist/tex/latex/amsfonts/umsb.fd
File: umsb.fd 2013/01/14 v3.01 AMS symbols B
)
<./figures/introChartRoseEasyEasyAxis.pdf, id=1, 505.89pt x 505.89pt>
File: ./figures/introChartRoseEasyEasyAxis.pdf Graphic file (type pdf)

<use ./figures/introChartRoseEasyEasyAxis.pdf>
Package pdftex.def Info: ./figures/introChartRoseEasyEasyAxis.pdf used on input
 line 159.
(pdftex.def)             Requested size: 336.36671pt x 336.37402pt.

<./figures/introChartLock6Three20000Axis.pdf, id=2, 505.89pt x 505.89pt>
File: ./figures/introChartLock6Three20000Axis.pdf Graphic file (type pdf)

<use ./figures/introChartLock6Three20000Axis.pdf>
Package pdftex.def Info: ./figures/introChartLock6Three20000Axis.pdf used on in
put line 160.
(pdftex.def)             Requested size: 336.36671pt x 336.37402pt.

<./figures/introChartRastHardAxis.pdf, id=3, 505.89pt x 505.89pt>
File: ./figures/introChartRastHardAxis.pdf Graphic file (type pdf)

<use ./figures/introChartRastHardAxis.pdf>
Package pdftex.def Info: ./figures/introChartRastHardAxis.pdf used on input lin
e 161.
(pdftex.def)             Requested size: 336.36671pt x 336.37402pt.

Overfull \hbox (16.60147pt too wide) in paragraph at lines 159--162
[][] [] [] 
 []

<./figures/ewmaConvChartRoseEasyEasyBW.pdf, id=4, 505.89pt x 505.89pt>
File: ./figures/ewmaConvChartRoseEasyEasyBW.pdf Graphic file (type pdf)

<use ./figures/ewmaConvChartRoseEasyEasyBW.pdf>
Package pdftex.def Info: ./figures/ewmaConvChartRoseEasyEasyBW.pdf used on inpu
t line 246.
(pdftex.def)             Requested size: 402.49486pt x 402.50482pt.

<./figures/bestZRoseEasyEasyEnd.pdf, id=5, 505.89pt x 505.89pt>
File: ./figures/bestZRoseEasyEasyEnd.pdf Graphic file (type pdf)

<use ./figures/bestZRoseEasyEasyEnd.pdf>
Package pdftex.def Info: ./figures/bestZRoseEasyEasyEnd.pdf used on input line 
247.
(pdftex.def)             Requested size: 402.49486pt x 402.50482pt.

Underfull \hbox (badness 7888) in paragraph at lines 259--264
\OT1/cmr/m/n/29.86 es-ti-mate $[] \OMS/cmsy/m/n/29.86 ^^Y \OT1/cmr/m/n/29.86 0\
OML/cmm/m/it/29.86 :\OT1/cmr/m/n/29.86 5$.
 []

<./figures/ewmaConvChartRastHardBW.pdf, id=6, 505.89pt x 505.89pt>
File: ./figures/ewmaConvChartRastHardBW.pdf Graphic file (type pdf)

<use ./figures/ewmaConvChartRastHardBW.pdf>
Package pdftex.def Info: ./figures/ewmaConvChartRastHardBW.pdf used on input li
ne 268.
(pdftex.def)             Requested size: 402.49486pt x 402.50482pt.

<./figures/bestZRastHardEnd.pdf, id=7, 505.89pt x 505.89pt>
File: ./figures/bestZRastHardEnd.pdf Graphic file (type pdf)

<use ./figures/bestZRastHardEnd.pdf>
Package pdftex.def Info: ./figures/bestZRastHardEnd.pdf used on input line 269.

(pdftex.def)             Requested size: 402.49486pt x 402.50482pt.

Overfull \hbox (22.83551pt too wide) in paragraph at lines 281--287
[][] [] \OT1/cmr/m/n/29.86 +
 []

<./figures/ewmaConvChartLock6Three20000End.pdf, id=8, 505.89pt x 505.89pt>
File: ./figures/ewmaConvChartLock6Three20000End.pdf Graphic file (type pdf)

<use ./figures/ewmaConvChartLock6Three20000End.pdf>
Package pdftex.def Info: ./figures/ewmaConvChartLock6Three20000End.pdf used on 
input line 291.
(pdftex.def)             Requested size: 402.49486pt x 402.50482pt.

<./figures/bestZLock6Three20000End.pdf, id=9, 505.89pt x 505.89pt>
File: ./figures/bestZLock6Three20000End.pdf Graphic file (type pdf)

<use ./figures/bestZLock6Three20000End.pdf>
Package pdftex.def Info: ./figures/bestZLock6Three20000End.pdf used on input li
ne 292.
(pdftex.def)             Requested size: 402.49486pt x 402.50482pt.

Overfull \hbox (2.0711pt too wide) in paragraph at lines 305--312
\OT1/cmr/m/n/29.86 prob-lem from Mayer et al.
 []


Underfull \hbox (badness 1466) in paragraph at lines 305--312
\OT1/cmr/m/n/29.86 to find the low-est op-
 []


Underfull \hbox (badness 4673) in paragraph at lines 305--312
\OT1/cmr/m/n/29.86 er-a-tion cost con-fig-u-ra-
 []


Underfull \hbox (badness 1755) in paragraph at lines 305--312
\OT1/cmr/m/n/29.86 avoid-ing spread of the
 []

(./isba16.poster.bbl) [1


Non-PDF special ignored!
Non-PDF special ignored!{/var/lib/texmf/fonts/map/pdftex/updmap/pdftex.map} <./
figures/introChartRoseEasyEasyAxis.pdf> <./figures/introChartLock6Three20000Axi
s.pdf> <./figures/introChartRastHardAxis.pdf> <./figures/ewmaConvChartRoseEasyE
asyBW.pdf> <./figures/bestZRoseEasyEasyEnd.pdf> <./figures/ewmaConvChartRastHar
dBW.pdf> <./figures/bestZRastHardEnd.pdf> <./figures/ewmaConvChartLock6Three200
00End.pdf> <./figures/bestZLock6Three20000End.pdf>] (./isba16.poster.aux) ) 
Here is how much of TeX's memory you used:
 3065 strings out of 493304
 44290 string characters out of 6139871
 115057 words of memory out of 5000000
 6463 multiletter control sequences out of 15000+600000
 15021 words of font info for 54 fonts, out of 8000000 for 9000
 957 hyphenation exceptions out of 8191
 38i,7n,26p,306b,213s stack positions out of 5000i,500n,10000p,200000b,80000s
</us
r/share/texlive/texmf-dist/fonts/type1/public/amsfonts/cm/cmbx12.pfb></usr/shar
e/texlive/texmf-dist/fonts/type1/public/amsfonts/cm/cmex10.pfb></usr/share/texl
ive/texmf-dist/fonts/type1/public/amsfonts/cm/cmmi12.pfb></usr/share/texlive/te
xmf-dist/fonts/type1/public/amsfonts/cm/cmmib10.pfb></usr/share/texlive/texmf-d
ist/fonts/type1/public/amsfonts/cm/cmr17.pfb></usr/share/texlive/texmf-dist/fon
ts/type1/public/amsfonts/cm/cmss17.pfb></usr/share/texlive/texmf-dist/fonts/typ
e1/public/amsfonts/cm/cmsy10.pfb></usr/share/texlive/texmf-dist/fonts/type1/pub
lic/amsfonts/cm/cmti12.pfb>
Output written on isba16.poster.pdf (1 page, 174508 bytes).
PDF statistics:
 106 PDF objects out of 1000 (max. 8388607)
 76 compressed objects within 1 object stream
 0 named destinations out of 1000 (max. 500000)
 46 words of extra memory for PDF output out of 10000 (max. 10000000)

